sample.interval=20000
"sub" "mysub" "is.factor" "sub" "mysub" "trimws" "are_exponents_implicit" "as_units.character" "as_units" "crs_parameters" "print.sfc" "print" "print.sf" "print" "process_cpl_read_ogr" "st_read.character" "st_read" "..stacktraceon.." "eval" "eval" "sourceUTF8" "func" "appObj" "shinyAppDir_appR" "shinyAppDir" "as.shiny.appobj.character" "as.shiny.appobj" "runApp" 
"stopifnot" "srcfilecopy" "parse" "doTryCatch" "tryCatchOne" "tryCatchList" "tryCatch" "try" "as_units.character" "as_units" "crs_parameters" "print.sfc" "print" "print.sf" "print" "process_cpl_read_ogr" "st_read.character" "st_read" "..stacktraceon.." "eval" "eval" "sourceUTF8" "func" "appObj" "shinyAppDir_appR" "shinyAppDir" "as.shiny.appobj.character" "as.shiny.appobj" "runApp" 
".Call" "CPL_crs_parameters" "crs_parameters" "$.crs" "$" "is.factor" "grepl" "st_transform.sfc" "st_transform" "st_transform.sf" "st_transform" "..stacktraceon.." "eval" "eval" "sourceUTF8" "func" "appObj" "shinyAppDir_appR" "shinyAppDir" "as.shiny.appobj.character" "as.shiny.appobj" "runApp" 
"method" "lines$push" "deparser" "sexp_deparse" "deparser" "method" "lines$deparse" "operand_deparse" "binary_op_deparse" "deparser" "op_deparse" "deparser" "sexp_deparse" "quo_deparse" "expr_deparse" "infix_overflows" "FUN" "vapply" ".rlang_purrr_map_mold" "map_chr" "exprs_auto_name" "rlang:::quos_auto_name" "splice" "FUN" "lapply" "map" "endots" "enquos" "dplyr_quosures" "filter_rows" "filter.data.frame" "filter" "ggplot" ".External2" "%>%" "..stacktraceon.." "eval" "eval" "sourceUTF8" "func" "appObj" "shinyAppDir_appR" "shinyAppDir" "as.shiny.appobj.character" "as.shiny.appobj" "runApp" 
"cumsum" "rbind_dfs" "dapply" "collide" "f" "self$compute_panel" "fun" "apply_fun" "dapply" "f" "<Anonymous>" "f" "l$compute_position" "f" "by_layer" "ggplotly_build" "gg2list" "ggplotly.ggplot" "ggplotly" "..stacktraceon.." "eval" "eval" "sourceUTF8" "func" "appObj" "shinyAppDir_appR" "shinyAppDir" "as.shiny.appobj.character" "as.shiny.appobj" "runApp" 
"FUN" "lapply" "ggplot2::calc_element" "gg2list" "ggplotly.ggplot" "ggplotly" "..stacktraceon.." "eval" "eval" "sourceUTF8" "func" "appObj" "shinyAppDir_appR" "shinyAppDir" "as.shiny.appobj.character" "as.shiny.appobj" "runApp" 
"zero_range" "rescale.numeric" "scales::rescale" "toRGB" "text2font" "gg2list" "ggplotly.ggplot" "ggplotly" "..stacktraceon.." "eval" "eval" "sourceUTF8" "func" "appObj" "shinyAppDir_appR" "shinyAppDir" "as.shiny.appobj.character" "as.shiny.appobj" "runApp" 
"mget" "find_args" "theme" "..stacktraceon.." "eval" "eval" "sourceUTF8" "func" "appObj" "shinyAppDir_appR" "shinyAppDir" "as.shiny.appobj.character" "as.shiny.appobj" "runApp" 
"%in%" "[[.data.frame" "[[" "rbind_dfs" "dapply" "collide" "f" "self$compute_panel" "fun" "apply_fun" "dapply" "f" "<Anonymous>" "f" "l$compute_position" "f" "by_layer" "ggplotly_build" "gg2list" "ggplotly.ggplot" "ggplotly" "..stacktraceon.." "eval" "eval" "sourceUTF8" "func" "appObj" "shinyAppDir_appR" "shinyAppDir" "as.shiny.appobj.character" "as.shiny.appobj" "runApp" 
"grepl" "converter" "aes2plotly" "toRGB" "lapply" "unlist" "Filter" "compact" "geom2trace.GeomBar" "<Anonymous>" "mapply" "Map" "layers2traces" "gg2list" "ggplotly.ggplot" "ggplotly" "..stacktraceon.." "eval" "eval" "sourceUTF8" "func" "appObj" "shinyAppDir_appR" "shinyAppDir" "as.shiny.appobj.character" "as.shiny.appobj" "runApp" 
"anyNA" "stopifnot" ".rlang_purrr_probe" "discard" "endots" "enquos" "dplyr_quosures" "filter_rows" "filter.data.frame" "filter" "ggplot" ".External2" "%>%" "..stacktraceon.." "eval" "eval" "sourceUTF8" "func" "appObj" "shinyAppDir_appR" "shinyAppDir" "as.shiny.appobj.character" "as.shiny.appobj" "runApp" 
"rbind_dfs" "dapply" "collide" "f" "self$compute_panel" "fun" "apply_fun" "dapply" "f" "<Anonymous>" "f" "l$compute_position" "f" "by_layer" "ggplotly_build" "gg2list" "ggplotly.ggplot" "ggplotly" "..stacktraceon.." "eval" "eval" "sourceUTF8" "func" "appObj" "shinyAppDir_appR" "shinyAppDir" "as.shiny.appobj.character" "as.shiny.appobj" "runApp" 
"all" "zero_range" "rescale.numeric" "scales::rescale" "converter" "aes2plotly" "toRGB" "lapply" "unlist" "Filter" "compact" "geom2trace.GeomBar" "<Anonymous>" "mapply" "Map" "layers2traces" "gg2list" "ggplotly.ggplot" "ggplotly" "..stacktraceon.." "eval" "eval" "sourceUTF8" "func" "appObj" "shinyAppDir_appR" "shinyAppDir" "as.shiny.appobj.character" "as.shiny.appobj" "runApp" 
"is_symbol" "as_string" "base::delayedAssign" ".External2" "inject" "%<~%" "env_get" "$.r6lite" "$" "method" "lines$get_lines" "binary_op_deparse" "deparser" "op_deparse" "deparser" "sexp_deparse" "quo_deparse" "expr_deparse" "infix_overflows" "FUN" "vapply" ".rlang_purrr_map_mold" "map_chr" "exprs_auto_name" "rlang:::quos_auto_name" "splice" "FUN" "lapply" "map" "endots" "enquos" "dplyr_quosures" "filter_rows" "filter.data.frame" "filter" "ggplot" ".External2" "%>%" "..stacktraceon.." "eval" "eval" "sourceUTF8" "func" "appObj" "shinyAppDir_appR" "shinyAppDir" "as.shiny.appobj.character" "as.shiny.appobj" "runApp" 
"[[.data.frame" "[[" "rbind_dfs" "dapply" "collide" "f" "self$compute_panel" "fun" "apply_fun" "dapply" "f" "<Anonymous>" "f" "l$compute_position" "f" "by_layer" "ggplotly_build" "gg2list" "ggplotly.ggplot" "ggplotly" "..stacktraceon.." "eval" "eval" "sourceUTF8" "func" "appObj" "shinyAppDir_appR" "shinyAppDir" "as.shiny.appobj.character" "as.shiny.appobj" "runApp" 
"min" "zero_range" "rescale.numeric" "scales::rescale" "toRGB" "lapply" "unlist" "Filter" "compact" "geom2trace.GeomBar" "<Anonymous>" "mapply" "Map" "layers2traces" "gg2list" "ggplotly.ggplot" "ggplotly" "..stacktraceon.." "eval" "eval" "sourceUTF8" "func" "appObj" "shinyAppDir_appR" "shinyAppDir" "as.shiny.appobj.character" "as.shiny.appobj" "runApp" 
"is.function" "match.fun" "as.trans" "continuous_scale" "scale_fill_gradientn" "scale_fill_viridis" "..stacktraceon.." "eval" "eval" "sourceUTF8" "func" "appObj" "shinyAppDir_appR" "shinyAppDir" "as.shiny.appobj.character" "as.shiny.appobj" "runApp" 
"[[.data.frame" "[[" "rbind_dfs" "dapply" "collide" "f" "self$compute_panel" "fun" "apply_fun" "dapply" "f" "<Anonymous>" "f" "l$compute_position" "f" "by_layer" "ggplotly_build" "gg2list" "ggplotly.ggplot" "ggplotly" "..stacktraceon.." "eval" "eval" "sourceUTF8" "func" "appObj" "shinyAppDir_appR" "shinyAppDir" "as.shiny.appobj.character" "as.shiny.appobj" "runApp" 
"rescale.numeric" "scales::rescale" "toRGB" "text2font" "gg2list" "ggplotly.ggplot" "ggplotly" "..stacktraceon.." "eval" "eval" "sourceUTF8" "func" "appObj" "shinyAppDir_appR" "shinyAppDir" "as.shiny.appobj.character" "as.shiny.appobj" "runApp" 
"$" "%||%" "<Anonymous>" "mapply" "Map" "ggplotly_build" "gg2list" "ggplotly.ggplot" "ggplotly" "..stacktraceon.." "eval" "eval" "sourceUTF8" "func" "appObj" "shinyAppDir_appR" "shinyAppDir" "as.shiny.appobj.character" "as.shiny.appobj" "runApp" 
"f" "l$finish_statistics" "f" "by_layer" "ggplotly_build" "gg2list" "ggplotly.ggplot" "ggplotly" "..stacktraceon.." "eval" "eval" "sourceUTF8" "func" "appObj" "shinyAppDir_appR" "shinyAppDir" "as.shiny.appobj.character" "as.shiny.appobj" "runApp" 
"toRGB" "text2font" "gg2list" "ggplotly.ggplot" "ggplotly" "..stacktraceon.." "eval" "eval" "sourceUTF8" "func" "appObj" "shinyAppDir_appR" "shinyAppDir" "as.shiny.appobj.character" "as.shiny.appobj" "runApp" 
".Call" "CPL_read_ogr" "st_read.character" "st_read" "read_sf" "..stacktraceon.." "eval" "eval" "sourceUTF8" "func" "appObj" "shinyAppDir_appR" "shinyAppDir" "as.shiny.appobj.character" "as.shiny.appobj" "runApp" 
".Call" "CPL_read_ogr" "st_read.character" "st_read" "read_sf" "..stacktraceon.." "eval" "eval" "sourceUTF8" "func" "appObj" "shinyAppDir_appR" "shinyAppDir" "as.shiny.appobj.character" "as.shiny.appobj" "runApp" 
".Call" "CPL_read_ogr" "st_read.character" "st_read" "read_sf" "..stacktraceon.." "eval" "eval" "sourceUTF8" "func" "appObj" "shinyAppDir_appR" "shinyAppDir" "as.shiny.appobj.character" "as.shiny.appobj" "runApp" 
".Call" "CPL_read_ogr" "st_read.character" "st_read" "read_sf" "..stacktraceon.." "eval" "eval" "sourceUTF8" "func" "appObj" "shinyAppDir_appR" "shinyAppDir" "as.shiny.appobj.character" "as.shiny.appobj" "runApp" 
".Call" "CPL_read_ogr" "st_read.character" "st_read" "read_sf" "..stacktraceon.." "eval" "eval" "sourceUTF8" "func" "appObj" "shinyAppDir_appR" "shinyAppDir" "as.shiny.appobj.character" "as.shiny.appobj" "runApp" 
".Call" "CPL_read_ogr" "st_read.character" "st_read" "read_sf" "..stacktraceon.." "eval" "eval" "sourceUTF8" "func" "appObj" "shinyAppDir_appR" "shinyAppDir" "as.shiny.appobj.character" "as.shiny.appobj" "runApp" 
".Call" "CPL_read_ogr" "st_read.character" "st_read" "read_sf" "..stacktraceon.." "eval" "eval" "sourceUTF8" "func" "appObj" "shinyAppDir_appR" "shinyAppDir" "as.shiny.appobj.character" "as.shiny.appobj" "runApp" 
".Call" "CPL_read_ogr" "st_read.character" "st_read" "read_sf" "..stacktraceon.." "eval" "eval" "sourceUTF8" "func" "appObj" "shinyAppDir_appR" "shinyAppDir" "as.shiny.appobj.character" "as.shiny.appobj" "runApp" 
".Call" "CPL_read_ogr" "st_read.character" "st_read" "read_sf" "..stacktraceon.." "eval" "eval" "sourceUTF8" "func" "appObj" "shinyAppDir_appR" "shinyAppDir" "as.shiny.appobj.character" "as.shiny.appobj" "runApp" 
".Call" "CPL_read_ogr" "st_read.character" "st_read" "read_sf" "..stacktraceon.." "eval" "eval" "sourceUTF8" "func" "appObj" "shinyAppDir_appR" "shinyAppDir" "as.shiny.appobj.character" "as.shiny.appobj" "runApp" 
".Call" "CPL_read_ogr" "st_read.character" "st_read" "read_sf" "..stacktraceon.." "eval" "eval" "sourceUTF8" "func" "appObj" "shinyAppDir_appR" "shinyAppDir" "as.shiny.appobj.character" "as.shiny.appobj" "runApp" 
".Call" "CPL_read_ogr" "st_read.character" "st_read" "read_sf" "..stacktraceon.." "eval" "eval" "sourceUTF8" "func" "appObj" "shinyAppDir_appR" "shinyAppDir" "as.shiny.appobj.character" "as.shiny.appobj" "runApp" 
".Call" "CPL_read_ogr" "st_read.character" "st_read" "read_sf" "..stacktraceon.." "eval" "eval" "sourceUTF8" "func" "appObj" "shinyAppDir_appR" "shinyAppDir" "as.shiny.appobj.character" "as.shiny.appobj" "runApp" 
".Call" "CPL_read_ogr" "st_read.character" "st_read" "read_sf" "..stacktraceon.." "eval" "eval" "sourceUTF8" "func" "appObj" "shinyAppDir_appR" "shinyAppDir" "as.shiny.appobj.character" "as.shiny.appobj" "runApp" 
".Call" "CPL_read_ogr" "st_read.character" "st_read" "read_sf" "..stacktraceon.." "eval" "eval" "sourceUTF8" "func" "appObj" "shinyAppDir_appR" "shinyAppDir" "as.shiny.appobj.character" "as.shiny.appobj" "runApp" 
".Call" "CPL_read_ogr" "st_read.character" "st_read" "read_sf" "..stacktraceon.." "eval" "eval" "sourceUTF8" "func" "appObj" "shinyAppDir_appR" "shinyAppDir" "as.shiny.appobj.character" "as.shiny.appobj" "runApp" 
".Call" "CPL_read_ogr" "st_read.character" "st_read" "read_sf" "..stacktraceon.." "eval" "eval" "sourceUTF8" "func" "appObj" "shinyAppDir_appR" "shinyAppDir" "as.shiny.appobj.character" "as.shiny.appobj" "runApp" 
".Call" "CPL_read_ogr" "st_read.character" "st_read" "read_sf" "..stacktraceon.." "eval" "eval" "sourceUTF8" "func" "appObj" "shinyAppDir_appR" "shinyAppDir" "as.shiny.appobj.character" "as.shiny.appobj" "runApp" 
".Call" "CPL_read_ogr" "st_read.character" "st_read" "read_sf" "..stacktraceon.." "eval" "eval" "sourceUTF8" "func" "appObj" "shinyAppDir_appR" "shinyAppDir" "as.shiny.appobj.character" "as.shiny.appobj" "runApp" 
".Call" "CPL_read_ogr" "st_read.character" "st_read" "read_sf" "..stacktraceon.." "eval" "eval" "sourceUTF8" "func" "appObj" "shinyAppDir_appR" "shinyAppDir" "as.shiny.appobj.character" "as.shiny.appobj" "runApp" 
".Call" "CPL_read_ogr" "st_read.character" "st_read" "read_sf" "..stacktraceon.." "eval" "eval" "sourceUTF8" "func" "appObj" "shinyAppDir_appR" "shinyAppDir" "as.shiny.appobj.character" "as.shiny.appobj" "runApp" 
".Call" "CPL_read_ogr" "st_read.character" "st_read" "read_sf" "..stacktraceon.." "eval" "eval" "sourceUTF8" "func" "appObj" "shinyAppDir_appR" "shinyAppDir" "as.shiny.appobj.character" "as.shiny.appobj" "runApp" 
".Call" "CPL_read_ogr" "st_read.character" "st_read" "read_sf" "..stacktraceon.." "eval" "eval" "sourceUTF8" "func" "appObj" "shinyAppDir_appR" "shinyAppDir" "as.shiny.appobj.character" "as.shiny.appobj" "runApp" 
".Call" "CPL_read_ogr" "st_read.character" "st_read" "read_sf" "..stacktraceon.." "eval" "eval" "sourceUTF8" "func" "appObj" "shinyAppDir_appR" "shinyAppDir" "as.shiny.appobj.character" "as.shiny.appobj" "runApp" 
".Call" "CPL_read_ogr" "st_read.character" "st_read" "read_sf" "..stacktraceon.." "eval" "eval" "sourceUTF8" "func" "appObj" "shinyAppDir_appR" "shinyAppDir" "as.shiny.appobj.character" "as.shiny.appobj" "runApp" 
".Call" "CPL_read_ogr" "st_read.character" "st_read" "read_sf" "..stacktraceon.." "eval" "eval" "sourceUTF8" "func" "appObj" "shinyAppDir_appR" "shinyAppDir" "as.shiny.appobj.character" "as.shiny.appobj" "runApp" 
".Call" "CPL_read_ogr" "st_read.character" "st_read" "read_sf" "..stacktraceon.." "eval" "eval" "sourceUTF8" "func" "appObj" "shinyAppDir_appR" "shinyAppDir" "as.shiny.appobj.character" "as.shiny.appobj" "runApp" 
".Call" "CPL_read_ogr" "st_read.character" "st_read" "read_sf" "..stacktraceon.." "eval" "eval" "sourceUTF8" "func" "appObj" "shinyAppDir_appR" "shinyAppDir" "as.shiny.appobj.character" "as.shiny.appobj" "runApp" 
".Call" "CPL_read_ogr" "st_read.character" "st_read" "read_sf" "..stacktraceon.." "eval" "eval" "sourceUTF8" "func" "appObj" "shinyAppDir_appR" "shinyAppDir" "as.shiny.appobj.character" "as.shiny.appobj" "runApp" 
".Call" "CPL_read_ogr" "st_read.character" "st_read" "read_sf" "..stacktraceon.." "eval" "eval" "sourceUTF8" "func" "appObj" "shinyAppDir_appR" "shinyAppDir" "as.shiny.appobj.character" "as.shiny.appobj" "runApp" 
"Encoding<-" "FUN" "lapply" "structure" "set_utf8" "as.data.frame" "process_cpl_read_ogr" "st_read.character" "st_read" "read_sf" "..stacktraceon.." "eval" "eval" "sourceUTF8" "func" "appObj" "shinyAppDir_appR" "shinyAppDir" "as.shiny.appobj.character" "as.shiny.appobj" "runApp" 
"vapply" "st_sfc" "process_cpl_read_ogr" "st_read.character" "st_read" "read_sf" "..stacktraceon.." "eval" "eval" "sourceUTF8" "func" "appObj" "shinyAppDir_appR" "shinyAppDir" "as.shiny.appobj.character" "as.shiny.appobj" "runApp" 
"is.na" "is.na" "isTRUE" "FUN" "vapply" "st_sfc" "process_cpl_read_ogr" "st_read.character" "st_read" "read_sf" "..stacktraceon.." "eval" "eval" "sourceUTF8" "func" "appObj" "shinyAppDir_appR" "shinyAppDir" "as.shiny.appobj.character" "as.shiny.appobj" "runApp" 
"is.na" "isTRUE" "FUN" "vapply" "st_sfc" "process_cpl_read_ogr" "st_read.character" "st_read" "read_sf" "..stacktraceon.." "eval" "eval" "sourceUTF8" "func" "appObj" "shinyAppDir_appR" "shinyAppDir" "as.shiny.appobj.character" "as.shiny.appobj" "runApp" 
"[[" "vapply" "st_sfc" "process_cpl_read_ogr" "st_read.character" "st_read" "read_sf" "..stacktraceon.." "eval" "eval" "sourceUTF8" "func" "appObj" "shinyAppDir_appR" "shinyAppDir" "as.shiny.appobj.character" "as.shiny.appobj" "runApp" 
"is.na" "is.na" "isTRUE" "FUN" "vapply" "st_sfc" "process_cpl_read_ogr" "st_read.character" "st_read" "read_sf" "..stacktraceon.." "eval" "eval" "sourceUTF8" "func" "appObj" "shinyAppDir_appR" "shinyAppDir" "as.shiny.appobj.character" "as.shiny.appobj" "runApp" 
"vapply" "st_sfc" "process_cpl_read_ogr" "st_read.character" "st_read" "read_sf" "..stacktraceon.." "eval" "eval" "sourceUTF8" "func" "appObj" "shinyAppDir_appR" "shinyAppDir" "as.shiny.appobj.character" "as.shiny.appobj" "runApp" 
"vapply" "st_sfc" "process_cpl_read_ogr" "st_read.character" "st_read" "read_sf" "..stacktraceon.." "eval" "eval" "sourceUTF8" "func" "appObj" "shinyAppDir_appR" "shinyAppDir" "as.shiny.appobj.character" "as.shiny.appobj" "runApp" 
"vapply" "st_sfc" "process_cpl_read_ogr" "st_read.character" "st_read" "read_sf" "..stacktraceon.." "eval" "eval" "sourceUTF8" "func" "appObj" "shinyAppDir_appR" "shinyAppDir" "as.shiny.appobj.character" "as.shiny.appobj" "runApp" 
"vapply" "st_sfc" "process_cpl_read_ogr" "st_read.character" "st_read" "read_sf" "..stacktraceon.." "eval" "eval" "sourceUTF8" "func" "appObj" "shinyAppDir_appR" "shinyAppDir" "as.shiny.appobj.character" "as.shiny.appobj" "runApp" 
"vapply" "st_sfc" "process_cpl_read_ogr" "st_read.character" "st_read" "read_sf" "..stacktraceon.." "eval" "eval" "sourceUTF8" "func" "appObj" "shinyAppDir_appR" "shinyAppDir" "as.shiny.appobj.character" "as.shiny.appobj" "runApp" 
"vapply" "st_sfc" "process_cpl_read_ogr" "st_read.character" "st_read" "read_sf" "..stacktraceon.." "eval" "eval" "sourceUTF8" "func" "appObj" "shinyAppDir_appR" "shinyAppDir" "as.shiny.appobj.character" "as.shiny.appobj" "runApp" 
"vapply" "st_sfc" "process_cpl_read_ogr" "st_read.character" "st_read" "read_sf" "..stacktraceon.." "eval" "eval" "sourceUTF8" "func" "appObj" "shinyAppDir_appR" "shinyAppDir" "as.shiny.appobj.character" "as.shiny.appobj" "runApp" 
"vapply" "st_sfc" "process_cpl_read_ogr" "st_read.character" "st_read" "read_sf" "..stacktraceon.." "eval" "eval" "sourceUTF8" "func" "appObj" "shinyAppDir_appR" "shinyAppDir" "as.shiny.appobj.character" "as.shiny.appobj" "runApp" 
"isTRUE" "FUN" "vapply" "st_sfc" "process_cpl_read_ogr" "st_read.character" "st_read" "read_sf" "..stacktraceon.." "eval" "eval" "sourceUTF8" "func" "appObj" "shinyAppDir_appR" "shinyAppDir" "as.shiny.appobj.character" "as.shiny.appobj" "runApp" 
"unclass" "st_sfc" "process_cpl_read_ogr" "st_read.character" "st_read" "read_sf" "..stacktraceon.." "eval" "eval" "sourceUTF8" "func" "appObj" "shinyAppDir_appR" "shinyAppDir" "as.shiny.appobj.character" "as.shiny.appobj" "runApp" 
"[[" "vapply" "st_sfc" "process_cpl_read_ogr" "st_read.character" "st_read" "read_sf" "..stacktraceon.." "eval" "eval" "sourceUTF8" "func" "appObj" "shinyAppDir_appR" "shinyAppDir" "as.shiny.appobj.character" "as.shiny.appobj" "runApp" 
"vapply" "st_sfc" "process_cpl_read_ogr" "st_read.character" "st_read" "read_sf" "..stacktraceon.." "eval" "eval" "sourceUTF8" "func" "appObj" "shinyAppDir_appR" "shinyAppDir" "as.shiny.appobj.character" "as.shiny.appobj" "runApp" 
".Call" "CPL_get_bbox" "...elt" "stopifnot" "bb_wrap" "bbox.MtrxSetSetSet" "...elt" "stopifnot" "bb_wrap" "compute_bbox" "st_sfc" "process_cpl_read_ogr" "st_read.character" "st_read" "read_sf" "..stacktraceon.." "eval" "eval" "sourceUTF8" "func" "appObj" "shinyAppDir_appR" "shinyAppDir" "as.shiny.appobj.character" "as.shiny.appobj" "runApp" 
"tbl_subassign_col" "tbl_subassign" "[[<-.tbl_df" "[[<-" "process_cpl_read_ogr" "st_read.character" "st_read" "read_sf" "..stacktraceon.." "eval" "eval" "sourceUTF8" "func" "appObj" "shinyAppDir_appR" "shinyAppDir" "as.shiny.appobj.character" "as.shiny.appobj" "runApp" 
".Call" "CPL_read_ogr" "st_read.character" "st_read" "st_transform" ".External2" "%>%" "..stacktraceon.." "eval" "eval" "sourceUTF8" "func" "appObj" "shinyAppDir_appR" "shinyAppDir" "as.shiny.appobj.character" "as.shiny.appobj" "runApp" 
"sub" "mysub" "trimws" "are_exponents_implicit" "as_units.character" "as_units" "crs_parameters" "print.sfc" "print" "print.sf" "print" "process_cpl_read_ogr" "st_read.character" "st_read" "st_transform" ".External2" "%>%" "..stacktraceon.." "eval" "eval" "sourceUTF8" "func" "appObj" "shinyAppDir_appR" "shinyAppDir" "as.shiny.appobj.character" "as.shiny.appobj" "runApp" 
".Call" "CPL_transform" "structure" "st_sfc" "st_transform.sfc" "st_transform" "st_transform.sf" "st_transform" ".External2" "%>%" "..stacktraceon.." "eval" "eval" "sourceUTF8" "func" "appObj" "shinyAppDir_appR" "shinyAppDir" "as.shiny.appobj.character" "as.shiny.appobj" "runApp" 
".Call" "CPL_transform" "structure" "st_sfc" "st_transform.sfc" "st_transform" "st_transform.sf" "st_transform" ".External2" "%>%" "..stacktraceon.." "eval" "eval" "sourceUTF8" "func" "appObj" "shinyAppDir_appR" "shinyAppDir" "as.shiny.appobj.character" "as.shiny.appobj" "runApp" 
".Call" "CPL_transform" "structure" "st_sfc" "st_transform.sfc" "st_transform" "st_transform.sf" "st_transform" ".External2" "%>%" "..stacktraceon.." "eval" "eval" "sourceUTF8" "func" "appObj" "shinyAppDir_appR" "shinyAppDir" "as.shiny.appobj.character" "as.shiny.appobj" "runApp" 
"tryCatch" "try" "as_units.character" "as_units" "crs_parameters" "$.crs" "$" "crs_parameters" "print.sfc" "print" "print.sf" "print" "process_cpl_read_ogr" "st_read.character" "st_read" "st_transform" ".External2" "%>%" "..stacktraceon.." "eval" "eval" "sourceUTF8" "func" "appObj" "shinyAppDir_appR" "shinyAppDir" "as.shiny.appobj.character" "as.shiny.appobj" "runApp" 
".Call" "CPL_read_ogr" "st_read.character" "st_read" "read_sf" "st_transform" ".External2" "%>%" "..stacktraceon.." "eval" "eval" "sourceUTF8" "func" "appObj" "shinyAppDir_appR" "shinyAppDir" "as.shiny.appobj.character" "as.shiny.appobj" "runApp" 
"bb_wrap" "compute_bbox" "st_sfc" "process_cpl_read_ogr" "st_read.character" "st_read" "read_sf" "st_transform" ".External2" "%>%" "..stacktraceon.." "eval" "eval" "sourceUTF8" "func" "appObj" "shinyAppDir_appR" "shinyAppDir" "as.shiny.appobj.character" "as.shiny.appobj" "runApp" 
".Call" "CPL_transform" "structure" "st_sfc" "st_transform.sfc" "st_transform" "st_transform.sf" "st_transform" ".External2" "%>%" "..stacktraceon.." "eval" "eval" "sourceUTF8" "func" "appObj" "shinyAppDir_appR" "shinyAppDir" "as.shiny.appobj.character" "as.shiny.appobj" "runApp" 
".Call" "CPL_transform" "structure" "st_sfc" "st_transform.sfc" "st_transform" "st_transform.sf" "st_transform" ".External2" "%>%" "..stacktraceon.." "eval" "eval" "sourceUTF8" "func" "appObj" "shinyAppDir_appR" "shinyAppDir" "as.shiny.appobj.character" "as.shiny.appobj" "runApp" 
".Call" "CPL_read_ogr" "st_read.character" "st_read" "st_transform" ".External2" "%>%" "..stacktraceon.." "eval" "eval" "sourceUTF8" "func" "appObj" "shinyAppDir_appR" "shinyAppDir" "as.shiny.appobj.character" "as.shiny.appobj" "runApp" 
".Call" "CPL_crs_parameters" "crs_parameters" "$.crs" "$" "crs_parameters" "print.sfc" "print" "print.sf" "print" "process_cpl_read_ogr" "st_read.character" "st_read" "st_transform" ".External2" "%>%" "..stacktraceon.." "eval" "eval" "sourceUTF8" "func" "appObj" "shinyAppDir_appR" "shinyAppDir" "as.shiny.appobj.character" "as.shiny.appobj" "runApp" 
"logical" "vapply" "dropNullsOrEmpty" "tag" "strong" ".Call" "dots_list" "tags$li" ".Call" "dots_list" "div" "column" ".Call" "dots_list" "div" "fluidRow" ".Call" "dots_list" "div" "tabPanel_" "bslib::nav" "tabPanel" ".Call" "list2" "dropNulls" "buildTabset" "navbarPage_" "navs_bar" ".Call" "list2" "shiny::bootstrapPage" "as_page" "page" "bslib::page_navbar" "remove_first_class" "navbarPage" "..stacktraceon.." "eval" "eval" "sourceUTF8" "func" "appObj" "shinyAppDir_appR" "shinyAppDir" "as.shiny.appobj.character" "as.shiny.appobj" "runApp" 
"file.exists" "find.package" "system.file" "is_available" "plotlyOutput" ".Call" "dots_list" "div" "column" ".Call" "dots_list" "div" "tabPanel_" "bslib::nav" "tabPanel" ".Call" "list2" "dropNulls" "buildTabset" "tabsetPanel_" "func" "remove_first_class" "tabsetPanel" ".Call" "dots_list" "div" "fluidRow" ".Call" "dots_list" "div" "tabPanel_" "bslib::nav" "tabPanel" ".Call" "list2" "structure" "navbarMenu_" "bslib::nav_menu" "navbarMenu" ".Call" "list2" "dropNulls" "buildTabset" "navbarPage_" "navs_bar" ".Call" "list2" "shiny::bootstrapPage" "as_page" "page" "bslib::page_navbar" "remove_first_class" "navbarPage" "..stacktraceon.." "eval" "eval" "sourceUTF8" "func" "appObj" "shinyAppDir_appR" "shinyAppDir" "as.shiny.appobj.character" "as.shiny.appobj" "runApp" 
"vapply" "dropNullsOrEmpty" "tag" "tags$li" "liTag" "append" "tagAddRenderHook" "buildNavItem" "FUN" "lapply" "buildTabset" "tabsetPanel_" "func" "remove_first_class" "tabsetPanel" ".Call" "dots_list" "div" "fluidRow" ".Call" "dots_list" "div" "tabPanel_" "bslib::nav" "tabPanel" ".Call" "list2" "structure" "navbarMenu_" "bslib::nav_menu" "navbarMenu" ".Call" "list2" "dropNulls" "buildTabset" "navbarPage_" "navs_bar" ".Call" "list2" "shiny::bootstrapPage" "as_page" "page" "bslib::page_navbar" "remove_first_class" "navbarPage" "..stacktraceon.." "eval" "eval" "sourceUTF8" "func" "appObj" "shinyAppDir_appR" "shinyAppDir" "as.shiny.appobj.character" "as.shiny.appobj" "runApp" 
"paste0" "tagGetAttribute" "%||%" "isTabPanel" "FUN" "lapply" "buildTabset" "tabsetPanel_" "func" "remove_first_class" "tabsetPanel" ".Call" "dots_list" "div" "fluidRow" ".Call" "dots_list" "div" "tabPanel_" "bslib::nav" "tabPanel" ".Call" "list2" "structure" "navbarMenu_" "bslib::nav_menu" "navbarMenu" ".Call" "list2" "dropNulls" "buildTabset" "navbarPage_" "navs_bar" ".Call" "list2" "shiny::bootstrapPage" "as_page" "page" "bslib::page_navbar" "remove_first_class" "navbarPage" "..stacktraceon.." "eval" "eval" "sourceUTF8" "func" "appObj" "shinyAppDir_appR" "shinyAppDir" "as.shiny.appobj.character" "as.shiny.appobj" "runApp" 
"%||%" "isTabPanel" "FUN" "lapply" "buildTabset" "FUN" "lapply" "buildTabset" "navbarPage_" "navs_bar" ".Call" "list2" "shiny::bootstrapPage" "as_page" "page" "bslib::page_navbar" "remove_first_class" "navbarPage" "..stacktraceon.." "eval" "eval" "sourceUTF8" "func" "appObj" "shinyAppDir_appR" "shinyAppDir" "as.shiny.appobj.character" "as.shiny.appobj" "runApp" 
